<?xml version="1.0" encoding="UTF-8"?>
<!-- Generated by org.testng.reporters.JUnitReportReporter -->
<testsuite hostname="LP-5CG0471MNB" failures="0" tests="1" name="AppiumLearning.AppiumLearning.EcommerceTest" time="103.081" errors="0" timestamp="2024-05-14T15:15:40 IST" skipped="0">
  <testcase classname="AppiumLearning.AppiumLearning.EcommerceTest" name="hybridApp" time="103.081"/>
</testsuite> <!-- AppiumLearning.AppiumLearning.EcommerceTest -->
