<?xml version="1.0" encoding="UTF-8"?>
<!-- Generated by org.testng.reporters.JUnitReportReporter -->
<testsuite hostname="sustenance-OptiPlex-7080" failures="0" tests="1" name="AppiumLearning.AppiumLearning.AppTest" time="15.254" errors="0" timestamp="2024-05-08T16:17:15 IST" skipped="0">
  <testcase classname="AppiumLearning.AppiumLearning.AppTest" name="Micellenious" time="15.254"/>
</testsuite> <!-- AppiumLearning.AppiumLearning.AppTest -->
