<?xml version="1.0" encoding="UTF-8"?>
<!-- Generated by org.testng.reporters.JUnitReportReporter -->
<testsuite hostname="sustenance-OptiPlex-7080" failures="0" tests="1" name="AppiumLearning.AppiumLearning.ErrorValidationTests" time="14.934" errors="0" timestamp="2024-05-09T14:00:31 IST" skipped="0">
  <testcase classname="AppiumLearning.AppiumLearning.ErrorValidationTests" name="fillNameErorr" time="14.934"/>
</testsuite> <!-- AppiumLearning.AppiumLearning.ErrorValidationTests -->
